2024-08-15 22:09:56,320: WARNING: Unauthorized: /users/navInfo/
2024-08-15 22:09:56,386: WARNING: Unauthorized: /users/navInfo/
2024-08-15 22:09:56,404: WARNING: Unauthorized: /users/
2024-08-15 22:10:38,615: INFO: [AuthViewSet::signIn] User zak@mail.com logged in successfully
2024-08-15 22:13:30,869: WARNING: Not Found: /ws/status/eyJhbGciOiJIUzI1NiIsInR5cCI6IkpXVCJ9.eyJ0b2tlbl90eXBlIjoiYWNjZXNzIiwiZXhwIjoxNzIzODQ2MjM4LCJpYXQiOjE3MjM3NTk4MzgsImp0aSI6Ijc2NTdjNzMzMzhiOTQ0MjQ4MmU3MmQ5MWNhOTg0NDU5IiwidXNlcl9pZCI6MX0.w_WxQSlkDxnsG4gpkiSr2wARn3ooPe4GtDaUTqEjoa0
2024-08-15 22:13:31,244: WARNING: Not Found: /ws/status/eyJhbGciOiJIUzI1NiIsInR5cCI6IkpXVCJ9.eyJ0b2tlbl90eXBlIjoiYWNjZXNzIiwiZXhwIjoxNzIzODQ2MjM4LCJpYXQiOjE3MjM3NTk4MzgsImp0aSI6Ijc2NTdjNzMzMzhiOTQ0MjQ4MmU3MmQ5MWNhOTg0NDU5IiwidXNlcl9pZCI6MX0.w_WxQSlkDxnsG4gpkiSr2wARn3ooPe4GtDaUTqEjoa0
2024-08-15 22:13:31,930: WARNING: Not Found: /ws/status/eyJhbGciOiJIUzI1NiIsInR5cCI6IkpXVCJ9.eyJ0b2tlbl90eXBlIjoiYWNjZXNzIiwiZXhwIjoxNzIzODQ2MjM4LCJpYXQiOjE3MjM3NTk4MzgsImp0aSI6Ijc2NTdjNzMzMzhiOTQ0MjQ4MmU3MmQ5MWNhOTg0NDU5IiwidXNlcl9pZCI6MX0.w_WxQSlkDxnsG4gpkiSr2wARn3ooPe4GtDaUTqEjoa0
2024-08-15 22:13:31,973: WARNING: Not Found: /ws/status/eyJhbGciOiJIUzI1NiIsInR5cCI6IkpXVCJ9.eyJ0b2tlbl90eXBlIjoiYWNjZXNzIiwiZXhwIjoxNzIzODQ2MjM4LCJpYXQiOjE3MjM3NTk4MzgsImp0aSI6Ijc2NTdjNzMzMzhiOTQ0MjQ4MmU3MmQ5MWNhOTg0NDU5IiwidXNlcl9pZCI6MX0.w_WxQSlkDxnsG4gpkiSr2wARn3ooPe4GtDaUTqEjoa0
2024-08-15 22:16:52,880: WARNING: Not Found: /ws/status/eyJhbGciOiJIUzI1NiIsInR5cCI6IkpXVCJ9.eyJ0b2tlbl90eXBlIjoiYWNjZXNzIiwiZXhwIjoxNzIzODQ2MjM4LCJpYXQiOjE3MjM3NTk4MzgsImp0aSI6Ijc2NTdjNzMzMzhiOTQ0MjQ4MmU3MmQ5MWNhOTg0NDU5IiwidXNlcl9pZCI6MX0.w_WxQSlkDxnsG4gpkiSr2wARn3ooPe4GtDaUTqEjoa0
2024-08-15 22:16:52,908: WARNING: Not Found: /ws/status/eyJhbGciOiJIUzI1NiIsInR5cCI6IkpXVCJ9.eyJ0b2tlbl90eXBlIjoiYWNjZXNzIiwiZXhwIjoxNzIzODQ2MjM4LCJpYXQiOjE3MjM3NTk4MzgsImp0aSI6Ijc2NTdjNzMzMzhiOTQ0MjQ4MmU3MmQ5MWNhOTg0NDU5IiwidXNlcl9pZCI6MX0.w_WxQSlkDxnsG4gpkiSr2wARn3ooPe4GtDaUTqEjoa0
2024-08-15 22:18:56,587: WARNING: Not Found: /ws/status/eyJhbGciOiJIUzI1NiIsInR5cCI6IkpXVCJ9.eyJ0b2tlbl90eXBlIjoiYWNjZXNzIiwiZXhwIjoxNzIzODQ2MjM4LCJpYXQiOjE3MjM3NTk4MzgsImp0aSI6Ijc2NTdjNzMzMzhiOTQ0MjQ4MmU3MmQ5MWNhOTg0NDU5IiwidXNlcl9pZCI6MX0.w_WxQSlkDxnsG4gpkiSr2wARn3ooPe4GtDaUTqEjoa0
2024-08-15 22:18:56,611: WARNING: Not Found: /ws/status/eyJhbGciOiJIUzI1NiIsInR5cCI6IkpXVCJ9.eyJ0b2tlbl90eXBlIjoiYWNjZXNzIiwiZXhwIjoxNzIzODQ2MjM4LCJpYXQiOjE3MjM3NTk4MzgsImp0aSI6Ijc2NTdjNzMzMzhiOTQ0MjQ4MmU3MmQ5MWNhOTg0NDU5IiwidXNlcl9pZCI6MX0.w_WxQSlkDxnsG4gpkiSr2wARn3ooPe4GtDaUTqEjoa0
2024-08-15 22:19:04,255: WARNING: Not Found: /ws/status/eyJhbGciOiJIUzI1NiIsInR5cCI6IkpXVCJ9.eyJ0b2tlbl90eXBlIjoiYWNjZXNzIiwiZXhwIjoxNzIzODQ2MjM4LCJpYXQiOjE3MjM3NTk4MzgsImp0aSI6Ijc2NTdjNzMzMzhiOTQ0MjQ4MmU3MmQ5MWNhOTg0NDU5IiwidXNlcl9pZCI6MX0.w_WxQSlkDxnsG4gpkiSr2wARn3ooPe4GtDaUTqEjoa0
2024-08-15 22:19:04,289: WARNING: Not Found: /ws/status/eyJhbGciOiJIUzI1NiIsInR5cCI6IkpXVCJ9.eyJ0b2tlbl90eXBlIjoiYWNjZXNzIiwiZXhwIjoxNzIzODQ2MjM4LCJpYXQiOjE3MjM3NTk4MzgsImp0aSI6Ijc2NTdjNzMzMzhiOTQ0MjQ4MmU3MmQ5MWNhOTg0NDU5IiwidXNlcl9pZCI6MX0.w_WxQSlkDxnsG4gpkiSr2wARn3ooPe4GtDaUTqEjoa0
2024-08-15 22:19:50,229: WARNING: Not Found: /ws/status/eyJhbGciOiJIUzI1NiIsInR5cCI6IkpXVCJ9.eyJ0b2tlbl90eXBlIjoiYWNjZXNzIiwiZXhwIjoxNzIzODQ2MjM4LCJpYXQiOjE3MjM3NTk4MzgsImp0aSI6Ijc2NTdjNzMzMzhiOTQ0MjQ4MmU3MmQ5MWNhOTg0NDU5IiwidXNlcl9pZCI6MX0.w_WxQSlkDxnsG4gpkiSr2wARn3ooPe4GtDaUTqEjoa0
2024-08-15 22:19:50,259: WARNING: Not Found: /ws/status/eyJhbGciOiJIUzI1NiIsInR5cCI6IkpXVCJ9.eyJ0b2tlbl90eXBlIjoiYWNjZXNzIiwiZXhwIjoxNzIzODQ2MjM4LCJpYXQiOjE3MjM3NTk4MzgsImp0aSI6Ijc2NTdjNzMzMzhiOTQ0MjQ4MmU3MmQ5MWNhOTg0NDU5IiwidXNlcl9pZCI6MX0.w_WxQSlkDxnsG4gpkiSr2wARn3ooPe4GtDaUTqEjoa0
2024-08-15 22:19:58,255: WARNING: Not Found: /ws/status/eyJhbGciOiJIUzI1NiIsInR5cCI6IkpXVCJ9.eyJ0b2tlbl90eXBlIjoiYWNjZXNzIiwiZXhwIjoxNzIzODQ2MjM4LCJpYXQiOjE3MjM3NTk4MzgsImp0aSI6Ijc2NTdjNzMzMzhiOTQ0MjQ4MmU3MmQ5MWNhOTg0NDU5IiwidXNlcl9pZCI6MX0.w_WxQSlkDxnsG4gpkiSr2wARn3ooPe4GtDaUTqEjoa0
2024-08-15 22:19:58,274: WARNING: Not Found: /ws/status/eyJhbGciOiJIUzI1NiIsInR5cCI6IkpXVCJ9.eyJ0b2tlbl90eXBlIjoiYWNjZXNzIiwiZXhwIjoxNzIzODQ2MjM4LCJpYXQiOjE3MjM3NTk4MzgsImp0aSI6Ijc2NTdjNzMzMzhiOTQ0MjQ4MmU3MmQ5MWNhOTg0NDU5IiwidXNlcl9pZCI6MX0.w_WxQSlkDxnsG4gpkiSr2wARn3ooPe4GtDaUTqEjoa0
2024-08-15 22:20:00,236: WARNING: Not Found: /ws/status/eyJhbGciOiJIUzI1NiIsInR5cCI6IkpXVCJ9.eyJ0b2tlbl90eXBlIjoiYWNjZXNzIiwiZXhwIjoxNzIzODQ2MjM4LCJpYXQiOjE3MjM3NTk4MzgsImp0aSI6Ijc2NTdjNzMzMzhiOTQ0MjQ4MmU3MmQ5MWNhOTg0NDU5IiwidXNlcl9pZCI6MX0.w_WxQSlkDxnsG4gpkiSr2wARn3ooPe4GtDaUTqEjoa0
2024-08-15 22:20:00,259: WARNING: Not Found: /ws/status/eyJhbGciOiJIUzI1NiIsInR5cCI6IkpXVCJ9.eyJ0b2tlbl90eXBlIjoiYWNjZXNzIiwiZXhwIjoxNzIzODQ2MjM4LCJpYXQiOjE3MjM3NTk4MzgsImp0aSI6Ijc2NTdjNzMzMzhiOTQ0MjQ4MmU3MmQ5MWNhOTg0NDU5IiwidXNlcl9pZCI6MX0.w_WxQSlkDxnsG4gpkiSr2wARn3ooPe4GtDaUTqEjoa0
2024-08-15 22:20:07,238: WARNING: Not Found: /ws/status/eyJhbGciOiJIUzI1NiIsInR5cCI6IkpXVCJ9.eyJ0b2tlbl90eXBlIjoiYWNjZXNzIiwiZXhwIjoxNzIzODQ2MjM4LCJpYXQiOjE3MjM3NTk4MzgsImp0aSI6Ijc2NTdjNzMzMzhiOTQ0MjQ4MmU3MmQ5MWNhOTg0NDU5IiwidXNlcl9pZCI6MX0.w_WxQSlkDxnsG4gpkiSr2wARn3ooPe4GtDaUTqEjoa0
2024-08-15 22:20:07,270: WARNING: Not Found: /ws/status/eyJhbGciOiJIUzI1NiIsInR5cCI6IkpXVCJ9.eyJ0b2tlbl90eXBlIjoiYWNjZXNzIiwiZXhwIjoxNzIzODQ2MjM4LCJpYXQiOjE3MjM3NTk4MzgsImp0aSI6Ijc2NTdjNzMzMzhiOTQ0MjQ4MmU3MmQ5MWNhOTg0NDU5IiwidXNlcl9pZCI6MX0.w_WxQSlkDxnsG4gpkiSr2wARn3ooPe4GtDaUTqEjoa0
2024-08-15 22:20:10,623: WARNING: Not Found: /ws/status/eyJhbGciOiJIUzI1NiIsInR5cCI6IkpXVCJ9.eyJ0b2tlbl90eXBlIjoiYWNjZXNzIiwiZXhwIjoxNzIzODQ2MjM4LCJpYXQiOjE3MjM3NTk4MzgsImp0aSI6Ijc2NTdjNzMzMzhiOTQ0MjQ4MmU3MmQ5MWNhOTg0NDU5IiwidXNlcl9pZCI6MX0.w_WxQSlkDxnsG4gpkiSr2wARn3ooPe4GtDaUTqEjoa0
2024-08-15 22:20:10,655: WARNING: Not Found: /ws/status/eyJhbGciOiJIUzI1NiIsInR5cCI6IkpXVCJ9.eyJ0b2tlbl90eXBlIjoiYWNjZXNzIiwiZXhwIjoxNzIzODQ2MjM4LCJpYXQiOjE3MjM3NTk4MzgsImp0aSI6Ijc2NTdjNzMzMzhiOTQ0MjQ4MmU3MmQ5MWNhOTg0NDU5IiwidXNlcl9pZCI6MX0.w_WxQSlkDxnsG4gpkiSr2wARn3ooPe4GtDaUTqEjoa0
2024-08-15 22:21:03,205: WARNING: Not Found: /ws/status/eyJhbGciOiJIUzI1NiIsInR5cCI6IkpXVCJ9.eyJ0b2tlbl90eXBlIjoiYWNjZXNzIiwiZXhwIjoxNzIzODQ2MjM4LCJpYXQiOjE3MjM3NTk4MzgsImp0aSI6Ijc2NTdjNzMzMzhiOTQ0MjQ4MmU3MmQ5MWNhOTg0NDU5IiwidXNlcl9pZCI6MX0.w_WxQSlkDxnsG4gpkiSr2wARn3ooPe4GtDaUTqEjoa0
2024-08-15 22:21:03,235: WARNING: Not Found: /ws/status/eyJhbGciOiJIUzI1NiIsInR5cCI6IkpXVCJ9.eyJ0b2tlbl90eXBlIjoiYWNjZXNzIiwiZXhwIjoxNzIzODQ2MjM4LCJpYXQiOjE3MjM3NTk4MzgsImp0aSI6Ijc2NTdjNzMzMzhiOTQ0MjQ4MmU3MmQ5MWNhOTg0NDU5IiwidXNlcl9pZCI6MX0.w_WxQSlkDxnsG4gpkiSr2wARn3ooPe4GtDaUTqEjoa0
2024-08-15 22:21:08,209: WARNING: Not Found: /ws/status/eyJhbGciOiJIUzI1NiIsInR5cCI6IkpXVCJ9.eyJ0b2tlbl90eXBlIjoiYWNjZXNzIiwiZXhwIjoxNzIzODQ2MjM4LCJpYXQiOjE3MjM3NTk4MzgsImp0aSI6Ijc2NTdjNzMzMzhiOTQ0MjQ4MmU3MmQ5MWNhOTg0NDU5IiwidXNlcl9pZCI6MX0.w_WxQSlkDxnsG4gpkiSr2wARn3ooPe4GtDaUTqEjoa0
2024-08-15 22:21:08,236: WARNING: Not Found: /ws/status/eyJhbGciOiJIUzI1NiIsInR5cCI6IkpXVCJ9.eyJ0b2tlbl90eXBlIjoiYWNjZXNzIiwiZXhwIjoxNzIzODQ2MjM4LCJpYXQiOjE3MjM3NTk4MzgsImp0aSI6Ijc2NTdjNzMzMzhiOTQ0MjQ4MmU3MmQ5MWNhOTg0NDU5IiwidXNlcl9pZCI6MX0.w_WxQSlkDxnsG4gpkiSr2wARn3ooPe4GtDaUTqEjoa0
2024-08-15 22:21:11,211: WARNING: Not Found: /ws/status/eyJhbGciOiJIUzI1NiIsInR5cCI6IkpXVCJ9.eyJ0b2tlbl90eXBlIjoiYWNjZXNzIiwiZXhwIjoxNzIzODQ2MjM4LCJpYXQiOjE3MjM3NTk4MzgsImp0aSI6Ijc2NTdjNzMzMzhiOTQ0MjQ4MmU3MmQ5MWNhOTg0NDU5IiwidXNlcl9pZCI6MX0.w_WxQSlkDxnsG4gpkiSr2wARn3ooPe4GtDaUTqEjoa0
2024-08-15 22:21:11,234: WARNING: Not Found: /ws/status/eyJhbGciOiJIUzI1NiIsInR5cCI6IkpXVCJ9.eyJ0b2tlbl90eXBlIjoiYWNjZXNzIiwiZXhwIjoxNzIzODQ2MjM4LCJpYXQiOjE3MjM3NTk4MzgsImp0aSI6Ijc2NTdjNzMzMzhiOTQ0MjQ4MmU3MmQ5MWNhOTg0NDU5IiwidXNlcl9pZCI6MX0.w_WxQSlkDxnsG4gpkiSr2wARn3ooPe4GtDaUTqEjoa0
2024-08-15 22:21:14,196: WARNING: Not Found: /ws/status/eyJhbGciOiJIUzI1NiIsInR5cCI6IkpXVCJ9.eyJ0b2tlbl90eXBlIjoiYWNjZXNzIiwiZXhwIjoxNzIzODQ2MjM4LCJpYXQiOjE3MjM3NTk4MzgsImp0aSI6Ijc2NTdjNzMzMzhiOTQ0MjQ4MmU3MmQ5MWNhOTg0NDU5IiwidXNlcl9pZCI6MX0.w_WxQSlkDxnsG4gpkiSr2wARn3ooPe4GtDaUTqEjoa0
2024-08-15 22:21:14,217: WARNING: Not Found: /ws/status/eyJhbGciOiJIUzI1NiIsInR5cCI6IkpXVCJ9.eyJ0b2tlbl90eXBlIjoiYWNjZXNzIiwiZXhwIjoxNzIzODQ2MjM4LCJpYXQiOjE3MjM3NTk4MzgsImp0aSI6Ijc2NTdjNzMzMzhiOTQ0MjQ4MmU3MmQ5MWNhOTg0NDU5IiwidXNlcl9pZCI6MX0.w_WxQSlkDxnsG4gpkiSr2wARn3ooPe4GtDaUTqEjoa0
2024-08-15 22:21:17,201: WARNING: Not Found: /ws/status/eyJhbGciOiJIUzI1NiIsInR5cCI6IkpXVCJ9.eyJ0b2tlbl90eXBlIjoiYWNjZXNzIiwiZXhwIjoxNzIzODQ2MjM4LCJpYXQiOjE3MjM3NTk4MzgsImp0aSI6Ijc2NTdjNzMzMzhiOTQ0MjQ4MmU3MmQ5MWNhOTg0NDU5IiwidXNlcl9pZCI6MX0.w_WxQSlkDxnsG4gpkiSr2wARn3ooPe4GtDaUTqEjoa0
2024-08-15 22:21:17,226: WARNING: Not Found: /ws/status/eyJhbGciOiJIUzI1NiIsInR5cCI6IkpXVCJ9.eyJ0b2tlbl90eXBlIjoiYWNjZXNzIiwiZXhwIjoxNzIzODQ2MjM4LCJpYXQiOjE3MjM3NTk4MzgsImp0aSI6Ijc2NTdjNzMzMzhiOTQ0MjQ4MmU3MmQ5MWNhOTg0NDU5IiwidXNlcl9pZCI6MX0.w_WxQSlkDxnsG4gpkiSr2wARn3ooPe4GtDaUTqEjoa0
2024-08-15 22:21:19,035: WARNING: Not Found: /ws/status/eyJhbGciOiJIUzI1NiIsInR5cCI6IkpXVCJ9.eyJ0b2tlbl90eXBlIjoiYWNjZXNzIiwiZXhwIjoxNzIzODQ2MjM4LCJpYXQiOjE3MjM3NTk4MzgsImp0aSI6Ijc2NTdjNzMzMzhiOTQ0MjQ4MmU3MmQ5MWNhOTg0NDU5IiwidXNlcl9pZCI6MX0.w_WxQSlkDxnsG4gpkiSr2wARn3ooPe4GtDaUTqEjoa0
2024-08-15 22:21:19,072: WARNING: Not Found: /ws/status/eyJhbGciOiJIUzI1NiIsInR5cCI6IkpXVCJ9.eyJ0b2tlbl90eXBlIjoiYWNjZXNzIiwiZXhwIjoxNzIzODQ2MjM4LCJpYXQiOjE3MjM3NTk4MzgsImp0aSI6Ijc2NTdjNzMzMzhiOTQ0MjQ4MmU3MmQ5MWNhOTg0NDU5IiwidXNlcl9pZCI6MX0.w_WxQSlkDxnsG4gpkiSr2wARn3ooPe4GtDaUTqEjoa0
2024-08-15 22:22:56,621: WARNING: Not Found: /ws/status/eyJhbGciOiJIUzI1NiIsInR5cCI6IkpXVCJ9.eyJ0b2tlbl90eXBlIjoiYWNjZXNzIiwiZXhwIjoxNzIzODQ2MjM4LCJpYXQiOjE3MjM3NTk4MzgsImp0aSI6Ijc2NTdjNzMzMzhiOTQ0MjQ4MmU3MmQ5MWNhOTg0NDU5IiwidXNlcl9pZCI6MX0.w_WxQSlkDxnsG4gpkiSr2wARn3ooPe4GtDaUTqEjoa0
2024-08-15 22:22:56,641: WARNING: Not Found: /ws/status/eyJhbGciOiJIUzI1NiIsInR5cCI6IkpXVCJ9.eyJ0b2tlbl90eXBlIjoiYWNjZXNzIiwiZXhwIjoxNzIzODQ2MjM4LCJpYXQiOjE3MjM3NTk4MzgsImp0aSI6Ijc2NTdjNzMzMzhiOTQ0MjQ4MmU3MmQ5MWNhOTg0NDU5IiwidXNlcl9pZCI6MX0.w_WxQSlkDxnsG4gpkiSr2wARn3ooPe4GtDaUTqEjoa0
2024-08-15 22:23:17,396: WARNING: Not Found: /ws/status/eyJhbGciOiJIUzI1NiIsInR5cCI6IkpXVCJ9.eyJ0b2tlbl90eXBlIjoiYWNjZXNzIiwiZXhwIjoxNzIzODQ2MjM4LCJpYXQiOjE3MjM3NTk4MzgsImp0aSI6Ijc2NTdjNzMzMzhiOTQ0MjQ4MmU3MmQ5MWNhOTg0NDU5IiwidXNlcl9pZCI6MX0.w_WxQSlkDxnsG4gpkiSr2wARn3ooPe4GtDaUTqEjoa0
2024-08-15 22:23:17,423: WARNING: Not Found: /ws/status/eyJhbGciOiJIUzI1NiIsInR5cCI6IkpXVCJ9.eyJ0b2tlbl90eXBlIjoiYWNjZXNzIiwiZXhwIjoxNzIzODQ2MjM4LCJpYXQiOjE3MjM3NTk4MzgsImp0aSI6Ijc2NTdjNzMzMzhiOTQ0MjQ4MmU3MmQ5MWNhOTg0NDU5IiwidXNlcl9pZCI6MX0.w_WxQSlkDxnsG4gpkiSr2wARn3ooPe4GtDaUTqEjoa0
2024-08-15 22:24:23,205: WARNING: Not Found: /ws/status/eyJhbGciOiJIUzI1NiIsInR5cCI6IkpXVCJ9.eyJ0b2tlbl90eXBlIjoiYWNjZXNzIiwiZXhwIjoxNzIzODQ2MjM4LCJpYXQiOjE3MjM3NTk4MzgsImp0aSI6Ijc2NTdjNzMzMzhiOTQ0MjQ4MmU3MmQ5MWNhOTg0NDU5IiwidXNlcl9pZCI6MX0.w_WxQSlkDxnsG4gpkiSr2wARn3ooPe4GtDaUTqEjoa0
2024-08-15 22:24:23,234: WARNING: Not Found: /ws/status/eyJhbGciOiJIUzI1NiIsInR5cCI6IkpXVCJ9.eyJ0b2tlbl90eXBlIjoiYWNjZXNzIiwiZXhwIjoxNzIzODQ2MjM4LCJpYXQiOjE3MjM3NTk4MzgsImp0aSI6Ijc2NTdjNzMzMzhiOTQ0MjQ4MmU3MmQ5MWNhOTg0NDU5IiwidXNlcl9pZCI6MX0.w_WxQSlkDxnsG4gpkiSr2wARn3ooPe4GtDaUTqEjoa0
2024-08-15 22:24:28,587: WARNING: Not Found: /ws/status/eyJhbGciOiJIUzI1NiIsInR5cCI6IkpXVCJ9.eyJ0b2tlbl90eXBlIjoiYWNjZXNzIiwiZXhwIjoxNzIzODQ2MjM4LCJpYXQiOjE3MjM3NTk4MzgsImp0aSI6Ijc2NTdjNzMzMzhiOTQ0MjQ4MmU3MmQ5MWNhOTg0NDU5IiwidXNlcl9pZCI6MX0.w_WxQSlkDxnsG4gpkiSr2wARn3ooPe4GtDaUTqEjoa0
2024-08-15 22:24:28,618: WARNING: Not Found: /ws/status/eyJhbGciOiJIUzI1NiIsInR5cCI6IkpXVCJ9.eyJ0b2tlbl90eXBlIjoiYWNjZXNzIiwiZXhwIjoxNzIzODQ2MjM4LCJpYXQiOjE3MjM3NTk4MzgsImp0aSI6Ijc2NTdjNzMzMzhiOTQ0MjQ4MmU3MmQ5MWNhOTg0NDU5IiwidXNlcl9pZCI6MX0.w_WxQSlkDxnsG4gpkiSr2wARn3ooPe4GtDaUTqEjoa0
2024-08-15 22:26:23,196: WARNING: Not Found: /ws/status/eyJhbGciOiJIUzI1NiIsInR5cCI6IkpXVCJ9.eyJ0b2tlbl90eXBlIjoiYWNjZXNzIiwiZXhwIjoxNzIzODQ2MjM4LCJpYXQiOjE3MjM3NTk4MzgsImp0aSI6Ijc2NTdjNzMzMzhiOTQ0MjQ4MmU3MmQ5MWNhOTg0NDU5IiwidXNlcl9pZCI6MX0.w_WxQSlkDxnsG4gpkiSr2wARn3ooPe4GtDaUTqEjoa0
2024-08-15 22:26:23,220: WARNING: Not Found: /ws/status/eyJhbGciOiJIUzI1NiIsInR5cCI6IkpXVCJ9.eyJ0b2tlbl90eXBlIjoiYWNjZXNzIiwiZXhwIjoxNzIzODQ2MjM4LCJpYXQiOjE3MjM3NTk4MzgsImp0aSI6Ijc2NTdjNzMzMzhiOTQ0MjQ4MmU3MmQ5MWNhOTg0NDU5IiwidXNlcl9pZCI6MX0.w_WxQSlkDxnsG4gpkiSr2wARn3ooPe4GtDaUTqEjoa0
2024-08-15 22:26:30,233: WARNING: Not Found: /ws/status/eyJhbGciOiJIUzI1NiIsInR5cCI6IkpXVCJ9.eyJ0b2tlbl90eXBlIjoiYWNjZXNzIiwiZXhwIjoxNzIzODQ2MjM4LCJpYXQiOjE3MjM3NTk4MzgsImp0aSI6Ijc2NTdjNzMzMzhiOTQ0MjQ4MmU3MmQ5MWNhOTg0NDU5IiwidXNlcl9pZCI6MX0.w_WxQSlkDxnsG4gpkiSr2wARn3ooPe4GtDaUTqEjoa0
2024-08-15 22:26:30,262: WARNING: Not Found: /ws/status/eyJhbGciOiJIUzI1NiIsInR5cCI6IkpXVCJ9.eyJ0b2tlbl90eXBlIjoiYWNjZXNzIiwiZXhwIjoxNzIzODQ2MjM4LCJpYXQiOjE3MjM3NTk4MzgsImp0aSI6Ijc2NTdjNzMzMzhiOTQ0MjQ4MmU3MmQ5MWNhOTg0NDU5IiwidXNlcl9pZCI6MX0.w_WxQSlkDxnsG4gpkiSr2wARn3ooPe4GtDaUTqEjoa0
2024-08-15 22:30:30,206: WARNING: Not Found: /ws/status/eyJhbGciOiJIUzI1NiIsInR5cCI6IkpXVCJ9.eyJ0b2tlbl90eXBlIjoiYWNjZXNzIiwiZXhwIjoxNzIzODQ2MjM4LCJpYXQiOjE3MjM3NTk4MzgsImp0aSI6Ijc2NTdjNzMzMzhiOTQ0MjQ4MmU3MmQ5MWNhOTg0NDU5IiwidXNlcl9pZCI6MX0.w_WxQSlkDxnsG4gpkiSr2wARn3ooPe4GtDaUTqEjoa0
2024-08-15 22:30:30,239: WARNING: Not Found: /ws/status/eyJhbGciOiJIUzI1NiIsInR5cCI6IkpXVCJ9.eyJ0b2tlbl90eXBlIjoiYWNjZXNzIiwiZXhwIjoxNzIzODQ2MjM4LCJpYXQiOjE3MjM3NTk4MzgsImp0aSI6Ijc2NTdjNzMzMzhiOTQ0MjQ4MmU3MmQ5MWNhOTg0NDU5IiwidXNlcl9pZCI6MX0.w_WxQSlkDxnsG4gpkiSr2wARn3ooPe4GtDaUTqEjoa0
2024-08-15 22:38:54,352: WARNING: Not Found: /ws/status/eyJhbGciOiJIUzI1NiIsInR5cCI6IkpXVCJ9.eyJ0b2tlbl90eXBlIjoiYWNjZXNzIiwiZXhwIjoxNzIzODQ2MjM4LCJpYXQiOjE3MjM3NTk4MzgsImp0aSI6Ijc2NTdjNzMzMzhiOTQ0MjQ4MmU3MmQ5MWNhOTg0NDU5IiwidXNlcl9pZCI6MX0.w_WxQSlkDxnsG4gpkiSr2wARn3ooPe4GtDaUTqEjoa0
2024-08-15 22:38:55,192: WARNING: Not Found: /ws/status/eyJhbGciOiJIUzI1NiIsInR5cCI6IkpXVCJ9.eyJ0b2tlbl90eXBlIjoiYWNjZXNzIiwiZXhwIjoxNzIzODQ2MjM4LCJpYXQiOjE3MjM3NTk4MzgsImp0aSI6Ijc2NTdjNzMzMzhiOTQ0MjQ4MmU3MmQ5MWNhOTg0NDU5IiwidXNlcl9pZCI6MX0.w_WxQSlkDxnsG4gpkiSr2wARn3ooPe4GtDaUTqEjoa0
2024-08-15 22:38:55,551: WARNING: Not Found: /ws/status/eyJhbGciOiJIUzI1NiIsInR5cCI6IkpXVCJ9.eyJ0b2tlbl90eXBlIjoiYWNjZXNzIiwiZXhwIjoxNzIzODQ2MjM4LCJpYXQiOjE3MjM3NTk4MzgsImp0aSI6Ijc2NTdjNzMzMzhiOTQ0MjQ4MmU3MmQ5MWNhOTg0NDU5IiwidXNlcl9pZCI6MX0.w_WxQSlkDxnsG4gpkiSr2wARn3ooPe4GtDaUTqEjoa0
2024-08-15 22:39:52,617: WARNING: Not Found: /ws/status/eyJhbGciOiJIUzI1NiIsInR5cCI6IkpXVCJ9.eyJ0b2tlbl90eXBlIjoiYWNjZXNzIiwiZXhwIjoxNzIzODQ2MjM4LCJpYXQiOjE3MjM3NTk4MzgsImp0aSI6Ijc2NTdjNzMzMzhiOTQ0MjQ4MmU3MmQ5MWNhOTg0NDU5IiwidXNlcl9pZCI6MX0.w_WxQSlkDxnsG4gpkiSr2wARn3ooPe4GtDaUTqEjoa0
2024-08-15 22:41:40,835: WARNING: Not Found: /ws/status/eyJhbGciOiJIUzI1NiIsInR5cCI6IkpXVCJ9.eyJ0b2tlbl90eXBlIjoiYWNjZXNzIiwiZXhwIjoxNzIzODQ2MjM4LCJpYXQiOjE3MjM3NTk4MzgsImp0aSI6Ijc2NTdjNzMzMzhiOTQ0MjQ4MmU3MmQ5MWNhOTg0NDU5IiwidXNlcl9pZCI6MX0.w_WxQSlkDxnsG4gpkiSr2wARn3ooPe4GtDaUTqEjoa0
2024-08-15 22:42:31,203: WARNING: Not Found: /ws/status/eyJhbGciOiJIUzI1NiIsInR5cCI6IkpXVCJ9.eyJ0b2tlbl90eXBlIjoiYWNjZXNzIiwiZXhwIjoxNzIzODQ2MjM4LCJpYXQiOjE3MjM3NTk4MzgsImp0aSI6Ijc2NTdjNzMzMzhiOTQ0MjQ4MmU3MmQ5MWNhOTg0NDU5IiwidXNlcl9pZCI6MX0.w_WxQSlkDxnsG4gpkiSr2wARn3ooPe4GtDaUTqEjoa0
2024-08-15 22:44:09,717: WARNING: Not Found: /ws/status/eyJhbGciOiJIUzI1NiIsInR5cCI6IkpXVCJ9.eyJ0b2tlbl90eXBlIjoiYWNjZXNzIiwiZXhwIjoxNzIzODQ2MjM4LCJpYXQiOjE3MjM3NTk4MzgsImp0aSI6Ijc2NTdjNzMzMzhiOTQ0MjQ4MmU3MmQ5MWNhOTg0NDU5IiwidXNlcl9pZCI6MX0.w_WxQSlkDxnsG4gpkiSr2wARn3ooPe4GtDaUTqEjoa0
2024-08-15 22:44:56,840: WARNING: Not Found: /ws/status/eyJhbGciOiJIUzI1NiIsInR5cCI6IkpXVCJ9.eyJ0b2tlbl90eXBlIjoiYWNjZXNzIiwiZXhwIjoxNzIzODQ2MjM4LCJpYXQiOjE3MjM3NTk4MzgsImp0aSI6Ijc2NTdjNzMzMzhiOTQ0MjQ4MmU3MmQ5MWNhOTg0NDU5IiwidXNlcl9pZCI6MX0.w_WxQSlkDxnsG4gpkiSr2wARn3ooPe4GtDaUTqEjoa0
2024-08-15 22:46:39,121: WARNING: Not Found: /ws/status/eyJhbGciOiJIUzI1NiIsInR5cCI6IkpXVCJ9.eyJ0b2tlbl90eXBlIjoiYWNjZXNzIiwiZXhwIjoxNzIzODQ2MjM4LCJpYXQiOjE3MjM3NTk4MzgsImp0aSI6Ijc2NTdjNzMzMzhiOTQ0MjQ4MmU3MmQ5MWNhOTg0NDU5IiwidXNlcl9pZCI6MX0.w_WxQSlkDxnsG4gpkiSr2wARn3ooPe4GtDaUTqEjoa0
2024-08-15 22:46:39,442: WARNING: Not Found: /ws/status/eyJhbGciOiJIUzI1NiIsInR5cCI6IkpXVCJ9.eyJ0b2tlbl90eXBlIjoiYWNjZXNzIiwiZXhwIjoxNzIzODQ2MjM4LCJpYXQiOjE3MjM3NTk4MzgsImp0aSI6Ijc2NTdjNzMzMzhiOTQ0MjQ4MmU3MmQ5MWNhOTg0NDU5IiwidXNlcl9pZCI6MX0.w_WxQSlkDxnsG4gpkiSr2wARn3ooPe4GtDaUTqEjoa0
2024-08-15 22:46:47,650: WARNING: Not Found: /ws/status/eyJhbGciOiJIUzI1NiIsInR5cCI6IkpXVCJ9.eyJ0b2tlbl90eXBlIjoiYWNjZXNzIiwiZXhwIjoxNzIzODQ2MjM4LCJpYXQiOjE3MjM3NTk4MzgsImp0aSI6Ijc2NTdjNzMzMzhiOTQ0MjQ4MmU3MmQ5MWNhOTg0NDU5IiwidXNlcl9pZCI6MX0.w_WxQSlkDxnsG4gpkiSr2wARn3ooPe4GtDaUTqEjoa0
2024-08-15 22:49:25,190: WARNING: Not Found: /ws/status/eyJhbGciOiJIUzI1NiIsInR5cCI6IkpXVCJ9.eyJ0b2tlbl90eXBlIjoiYWNjZXNzIiwiZXhwIjoxNzIzODQ2MjM4LCJpYXQiOjE3MjM3NTk4MzgsImp0aSI6Ijc2NTdjNzMzMzhiOTQ0MjQ4MmU3MmQ5MWNhOTg0NDU5IiwidXNlcl9pZCI6MX0.w_WxQSlkDxnsG4gpkiSr2wARn3ooPe4GtDaUTqEjoa0
2024-08-15 22:49:36,213: WARNING: Not Found: /ws/status/eyJhbGciOiJIUzI1NiIsInR5cCI6IkpXVCJ9.eyJ0b2tlbl90eXBlIjoiYWNjZXNzIiwiZXhwIjoxNzIzODQ2MjM4LCJpYXQiOjE3MjM3NTk4MzgsImp0aSI6Ijc2NTdjNzMzMzhiOTQ0MjQ4MmU3MmQ5MWNhOTg0NDU5IiwidXNlcl9pZCI6MX0.w_WxQSlkDxnsG4gpkiSr2wARn3ooPe4GtDaUTqEjoa0
2024-08-15 22:49:36,252: WARNING: Not Found: /ws/status/eyJhbGciOiJIUzI1NiIsInR5cCI6IkpXVCJ9.eyJ0b2tlbl90eXBlIjoiYWNjZXNzIiwiZXhwIjoxNzIzODQ2MjM4LCJpYXQiOjE3MjM3NTk4MzgsImp0aSI6Ijc2NTdjNzMzMzhiOTQ0MjQ4MmU3MmQ5MWNhOTg0NDU5IiwidXNlcl9pZCI6MX0.w_WxQSlkDxnsG4gpkiSr2wARn3ooPe4GtDaUTqEjoa0
2024-08-15 22:49:56,198: WARNING: Not Found: /ws/status}
2024-08-15 22:50:35,094: WARNING: Not Found: /ws/status}
2024-08-15 22:50:35,120: WARNING: Not Found: /ws/status}
2024-08-15 22:51:47,328: WARNING: Not Found: /ws/status}
2024-08-15 22:51:47,368: WARNING: Not Found: /ws/status}
2024-08-15 22:52:02,382: WARNING: Not Found: /ws/status}
2024-08-15 22:52:02,408: WARNING: Not Found: /ws/status}
2024-08-15 22:53:46,452: WARNING: Not Found: /ws/status}
2024-08-15 22:53:46,480: WARNING: Not Found: /ws/status}
2024-08-15 22:54:28,904: WARNING: Not Found: /ws/status}
2024-08-15 22:54:28,943: WARNING: Not Found: /ws/status}
2024-08-16 11:06:59,316: WARNING: Not Found: /ws/status}
2024-08-16 11:06:59,381: WARNING: Not Found: /ws/status}
2024-08-16 11:07:44,811: WARNING: Not Found: /ws/status}
2024-08-16 11:07:44,841: WARNING: Not Found: /ws/status}
2024-08-16 11:07:44,875: WARNING: Not Found: /ws/status}
2024-08-16 11:07:44,909: WARNING: Not Found: /ws/status}
2024-08-16 11:07:56,758: WARNING: Not Found: /ws/status}
2024-08-16 11:07:56,795: WARNING: Not Found: /ws/status}
2024-08-16 11:08:16,708: WARNING: Not Found: /ws/status}
2024-08-16 11:08:23,777: WARNING: Not Found: /ws/status}
2024-08-16 11:08:33,872: WARNING: Not Found: /ws/status}
2024-08-16 11:08:33,931: WARNING: Not Found: /ws/status}
2024-08-16 11:08:33,986: WARNING: Not Found: /ws/status}
2024-08-16 11:08:34,029: WARNING: Not Found: /ws/status}
2024-08-16 11:08:35,717: WARNING: Not Found: /ws/status}
2024-08-16 11:08:35,755: WARNING: Not Found: /ws/status}
2024-08-16 11:08:37,483: WARNING: Not Found: /ws/status}
2024-08-16 11:08:37,551: WARNING: Not Found: /ws/status}
2024-08-16 11:08:42,810: WARNING: Not Found: /ws/status}
2024-08-16 11:08:42,855: WARNING: Not Found: /ws/status}
2024-08-16 11:08:42,923: WARNING: Not Found: /ws/status}
2024-08-16 11:08:42,960: WARNING: Not Found: /ws/status}
2024-08-16 11:08:50,783: WARNING: Not Found: /ws/status}
2024-08-16 11:08:56,597: WARNING: Not Found: /ws/status}
2024-08-16 11:08:56,644: WARNING: Not Found: /ws/status}
2024-08-16 11:11:05,605: WARNING: Not Found: /ws/status}
2024-08-16 11:13:22,824: WARNING: Not Found: /ws/status
2024-08-16 11:13:25,443: WARNING: Not Found: /ws/status
2024-08-16 11:13:25,507: WARNING: Not Found: /ws/status
2024-08-16 11:13:55,758: WARNING: Not Found: /ws/status
2024-08-16 11:13:56,818: WARNING: Not Found: /ws/status
2024-08-16 11:14:07,792: WARNING: Not Found: /ws/status
2024-08-16 11:14:09,771: WARNING: Not Found: /ws/status
2024-08-16 11:14:17,598: WARNING: Not Found: /ws/status
2024-08-16 11:14:40,451: WARNING: Not Found: /ws/status
2024-08-16 11:14:40,504: WARNING: Not Found: /ws/status
2024-08-16 11:16:54,407: INFO: /home/zakaria/promote-me/back/core/settings.py changed, reloading.
2024-08-16 11:17:06,986: WARNING: Not Found: /ws/status
2024-08-16 11:17:07,020: WARNING: Not Found: /ws/status
2024-08-16 11:18:48,818: WARNING: Not Found: /ws/status
2024-08-16 11:18:48,869: WARNING: Not Found: /ws/status
2024-08-16 11:21:11,798: WARNING: Not Found: /ws/status/
2024-08-16 11:21:14,772: WARNING: Not Found: /ws/status/$
2024-08-16 11:21:20,813: WARNING: Not Found: /ws/status/eyJhbGciOiJIUzI1NiIsInR5cCI6IkpXVCJ9.eyJ0b2tlbl90eXBlIjoiYWNjZXNzIiwiZXhwIjoxNzIzODQ2MjM4LCJpYXQiOjE3MjM3NTk4MzgsImp0aSI6Ijc2NTdjNzMzMzhiOTQ0MjQ4MmU3MmQ5MWNhOTg0NDU5IiwidXNlcl9pZCI6MX0.w_WxQSlkDxnsG4gpkiSr2wARn3ooPe4GtDaUTqEjoa0
2024-08-16 11:24:04,758: WARNING: Not Found: /ws/status/eyJhbGciOiJIUzI1NiIsInR5cCI6IkpXVCJ9.eyJ0b2tlbl90eXBlIjoiYWNjZXNzIiwiZXhwIjoxNzIzODQ2MjM4LCJpYXQiOjE3MjM3NTk4MzgsImp0aSI6Ijc2NTdjNzMzMzhiOTQ0MjQ4MmU3MmQ5MWNhOTg0NDU5IiwidXNlcl9pZCI6MX0.w_WxQSlkDxnsG4gpkiSr2wARn3ooPe4GtDaUTqEjoa0
2024-08-16 11:24:22,590: WARNING: Not Found: /ws/status/eyJhbGciOiJIUzI1NiIsInR5cCI6IkpXVCJ9.eyJ0b2tlbl90eXBlIjoiYWNjZXNzIiwiZXhwIjoxNzIzODQ2MjM4LCJpYXQiOjE3MjM3NTk4MzgsImp0aSI6Ijc2NTdjNzMzMzhiOTQ0MjQ4MmU3MmQ5MWNhOTg0NDU5IiwidXNlcl9pZCI6MX0.w_WxQSlkDxnsG4gpkiSr2wARn3ooPe4GtDaUTqEjoa0
2024-08-16 11:24:22,621: WARNING: Not Found: /ws/status/eyJhbGciOiJIUzI1NiIsInR5cCI6IkpXVCJ9.eyJ0b2tlbl90eXBlIjoiYWNjZXNzIiwiZXhwIjoxNzIzODQ2MjM4LCJpYXQiOjE3MjM3NTk4MzgsImp0aSI6Ijc2NTdjNzMzMzhiOTQ0MjQ4MmU3MmQ5MWNhOTg0NDU5IiwidXNlcl9pZCI6MX0.w_WxQSlkDxnsG4gpkiSr2wARn3ooPe4GtDaUTqEjoa0
